<?xml version="1.0" ?>
<!DOCTYPE coverage SYSTEM "http://cobertura.sourceforge.net/xml/coverage-04.dtd">
<coverage lines-valid="668"  lines-covered="343"  line-rate="0.5135000000000001"  branches-valid="201"  branches-covered="53"  branch-rate="0.2637"  timestamp="1440574122867" complexity="0" version="0.1">
<sources>
	<source>c:\Work\project\newui</source>
</sources>
<packages>
	<package name="..main.components.common"  line-rate="0.12"  branch-rate="0" >
	<classes>
		<class name="checklist_directive.js"  filename="main\components\common\checklist_directive.js"  line-rate="0.12"  branch-rate="0" >
		<methods>
			<method name="(anonymous_1)"  hits="0"  signature="()V" >
				<lines><line number="7"  hits="0" /></lines>
			</method>
			<method name="contains"  hits="0"  signature="()V" >
				<lines><line number="9"  hits="0" /></lines>
			</method>
			<method name="add"  hits="0"  signature="()V" >
				<lines><line number="21"  hits="0" /></lines>
			</method>
			<method name="remove"  hits="0"  signature="()V" >
				<lines><line number="30"  hits="0" /></lines>
			</method>
			<method name="postLinkFn"  hits="0"  signature="()V" >
				<lines><line number="43"  hits="0" /></lines>
			</method>
			<method name="(anonymous_6)"  hits="0"  signature="()V" >
				<lines><line number="63"  hits="0" /></lines>
			</method>
			<method name="setChecked"  hits="0"  signature="()V" >
				<lines><line number="80"  hits="0" /></lines>
			</method>
			<method name="(anonymous_8)"  hits="0"  signature="()V" >
				<lines><line number="98"  hits="0" /></lines>
			</method>
		</methods>
		<lines>
			<line number="6"  hits="1"  branch="false" />
			<line number="9"  hits="1"  branch="false" />
			<line number="10"  hits="0"  branch="true"  condition-coverage="0% (0/2)" />
			<line number="11"  hits="0"  branch="false" />
			<line number="12"  hits="0"  branch="true"  condition-coverage="0% (0/2)" />
			<line number="13"  hits="0"  branch="false" />
			<line number="17"  hits="0"  branch="false" />
			<line number="21"  hits="1"  branch="false" />
			<line number="22"  hits="0"  branch="true"  condition-coverage="0% (0/2)" />
			<line number="23"  hits="0"  branch="true"  condition-coverage="0% (0/2)" />
			<line number="24"  hits="0"  branch="false" />
			<line number="26"  hits="0"  branch="false" />
			<line number="30"  hits="1"  branch="false" />
			<line number="31"  hits="0"  branch="true"  condition-coverage="0% (0/2)" />
			<line number="32"  hits="0"  branch="false" />
			<line number="33"  hits="0"  branch="true"  condition-coverage="0% (0/2)" />
			<line number="34"  hits="0"  branch="false" />
			<line number="35"  hits="0"  branch="false" />
			<line number="39"  hits="0"  branch="false" />
			<line number="43"  hits="1"  branch="false" />
			<line number="45"  hits="0"  branch="false" />
			<line number="48"  hits="0"  branch="false" />
			<line number="49"  hits="0"  branch="false" />
			<line number="50"  hits="0"  branch="false" />
			<line number="53"  hits="0"  branch="false" />
			<line number="56"  hits="0"  branch="false" />
			<line number="58"  hits="0"  branch="true"  condition-coverage="0% (0/2)" />
			<line number="59"  hits="0"  branch="false" />
			<line number="63"  hits="0"  branch="false" />
			<line number="64"  hits="0"  branch="true"  condition-coverage="0% (0/2)" />
			<line number="65"  hits="0"  branch="false" />
			<line number="67"  hits="0"  branch="false" />
			<line number="68"  hits="0"  branch="true"  condition-coverage="0% (0/2)" />
			<line number="69"  hits="0"  branch="false" />
			<line number="71"  hits="0"  branch="false" />
			<line number="74"  hits="0"  branch="true"  condition-coverage="0% (0/2)" />
			<line number="75"  hits="0"  branch="false" />
			<line number="80"  hits="1"  branch="false" />
			<line number="81"  hits="0"  branch="false" />
			<line number="86"  hits="0"  branch="true"  condition-coverage="0% (0/2)" />
			<line number="87"  hits="0"  branch="false" />
			<line number="89"  hits="0"  branch="false" />
			<line number="93"  hits="0"  branch="false" />
			<line number="99"  hits="0"  branch="true"  condition-coverage="0% (0/4)" />
			<line number="100"  hits="0"  branch="false" />
			<line number="103"  hits="0"  branch="true"  condition-coverage="0% (0/2)" />
			<line number="104"  hits="0"  branch="false" />
			<line number="108"  hits="0"  branch="false" />
			<line number="111"  hits="0"  branch="false" />
			<line number="113"  hits="0"  branch="false" />
		</lines>
		</class>
	</classes>
	</package>
	<package name="..main.components.directives"  line-rate="0.3012"  branch-rate="0" >
	<classes>
		<class name="infoCard.directive.js"  filename="main\components\directives\infoCard.directive.js"  line-rate="0.3478"  branch-rate="0" >
		<methods>
			<method name="(anonymous_1)"  hits="1"  signature="()V" >
				<lines><line number="1"  hits="1" /></lines>
			</method>
			<method name="infoCard"  hits="0"  signature="()V" >
				<lines><line number="9"  hits="0" /></lines>
			</method>
			<method name="(anonymous_3)"  hits="0"  signature="()V" >
				<lines><line number="20"  hits="0" /></lines>
			</method>
			<method name="toggle"  hits="0"  signature="()V" >
				<lines><line number="25"  hits="0" /></lines>
			</method>
			<method name="open"  hits="0"  signature="()V" >
				<lines><line number="33"  hits="0" /></lines>
			</method>
			<method name="close"  hits="0"  signature="()V" >
				<lines><line number="38"  hits="0" /></lines>
			</method>
			<method name="outsideClick"  hits="0"  signature="()V" >
				<lines><line number="43"  hits="0" /></lines>
			</method>
		</methods>
		<lines>
			<line number="1"  hits="1"  branch="false" />
			<line number="3"  hits="1"  branch="false" />
			<line number="7"  hits="1"  branch="false" />
			<line number="9"  hits="1"  branch="false" />
			<line number="10"  hits="0"  branch="false" />
			<line number="21"  hits="0"  branch="false" />
			<line number="22"  hits="0"  branch="false" />
			<line number="25"  hits="1"  branch="false" />
			<line number="26"  hits="0"  branch="true"  condition-coverage="0% (0/2)" />
			<line number="27"  hits="0"  branch="false" />
			<line number="29"  hits="0"  branch="false" />
			<line number="33"  hits="1"  branch="false" />
			<line number="34"  hits="0"  branch="false" />
			<line number="35"  hits="0"  branch="false" />
			<line number="38"  hits="1"  branch="false" />
			<line number="39"  hits="0"  branch="false" />
			<line number="40"  hits="0"  branch="false" />
			<line number="43"  hits="1"  branch="false" />
			<line number="44"  hits="0"  branch="true"  condition-coverage="0% (0/2)" />
			<line number="45"  hits="0"  branch="false" />
			<line number="47"  hits="0"  branch="false" />
			<line number="48"  hits="0"  branch="true"  condition-coverage="0% (0/2)" />
			<line number="49"  hits="0"  branch="false" />
		</lines>
		</class>
		<class name="menu.directive.js"  filename="main\components\directives\menu.directive.js"  line-rate="0.2857"  branch-rate="0" >
		<methods>
			<method name="(anonymous_1)"  hits="1"  signature="()V" >
				<lines><line number="3"  hits="1" /></lines>
			</method>
			<method name="ilabMenu"  hits="0"  signature="()V" >
				<lines><line number="10"  hits="0" /></lines>
			</method>
			<method name="linkFn"  hits="0"  signature="()V" >
				<lines><line number="17"  hits="0" /></lines>
			</method>
			<method name="(anonymous_4)"  hits="0"  signature="()V" >
				<lines><line number="24"  hits="0" /></lines>
			</method>
			<method name="checkWindowSize"  hits="0"  signature="()V" >
				<lines><line number="37"  hits="0" /></lines>
			</method>
		</methods>
		<lines>
			<line number="3"  hits="1"  branch="false" />
			<line number="5"  hits="1"  branch="false" />
			<line number="8"  hits="1"  branch="false" />
			<line number="10"  hits="1"  branch="false" />
			<line number="11"  hits="0"  branch="false" />
			<line number="17"  hits="1"  branch="false" />
			<line number="18"  hits="0"  branch="false" />
			<line number="19"  hits="0"  branch="false" />
			<line number="21"  hits="0"  branch="false" />
			<line number="22"  hits="0"  branch="false" />
			<line number="24"  hits="0"  branch="false" />
			<line number="25"  hits="0"  branch="false" />
			<line number="28"  hits="0"  branch="false" />
			<line number="29"  hits="0"  branch="true"  condition-coverage="0% (0/2)" />
			<line number="30"  hits="0"  branch="false" />
			<line number="31"  hits="0"  branch="true"  condition-coverage="0% (0/2)" />
			<line number="32"  hits="0"  branch="false" />
			<line number="37"  hits="1"  branch="false" />
			<line number="38"  hits="0"  branch="true"  condition-coverage="0% (0/2)" />
			<line number="40"  hits="0"  branch="false" />
			<line number="43"  hits="0"  branch="false" />
		</lines>
		</class>
		<class name="tableColumnFilter.directive.js"  filename="main\components\directives\tableColumnFilter.directive.js"  line-rate="0.2821"  branch-rate="0" >
		<methods>
			<method name="(anonymous_1)"  hits="1"  signature="()V" >
				<lines><line number="5"  hits="1" /></lines>
			</method>
			<method name="tableColumnFilter"  hits="0"  signature="()V" >
				<lines><line number="13"  hits="0" /></lines>
			</method>
			<method name="linkFn"  hits="0"  signature="()V" >
				<lines><line number="23"  hits="0" /></lines>
			</method>
			<method name="activate"  hits="0"  signature="()V" >
				<lines><line number="30"  hits="0" /></lines>
			</method>
			<method name="(anonymous_5)"  hits="0"  signature="()V" >
				<lines><line number="33"  hits="0" /></lines>
			</method>
			<method name="update"  hits="0"  signature="()V" >
				<lines><line number="44"  hits="0" /></lines>
			</method>
			<method name="toggle"  hits="0"  signature="()V" >
				<lines><line number="49"  hits="0" /></lines>
			</method>
			<method name="outsideClick"  hits="0"  signature="()V" >
				<lines><line number="57"  hits="0" /></lines>
			</method>
			<method name="open"  hits="0"  signature="()V" >
				<lines><line number="70"  hits="0" /></lines>
			</method>
			<method name="close"  hits="0"  signature="()V" >
				<lines><line number="75"  hits="0" /></lines>
			</method>
		</methods>
		<lines>
			<line number="5"  hits="1"  branch="false" />
			<line number="7"  hits="1"  branch="false" />
			<line number="11"  hits="1"  branch="false" />
			<line number="13"  hits="1"  branch="false" />
			<line number="14"  hits="0"  branch="false" />
			<line number="23"  hits="1"  branch="false" />
			<line number="24"  hits="0"  branch="false" />
			<line number="25"  hits="0"  branch="false" />
			<line number="26"  hits="0"  branch="false" />
			<line number="27"  hits="0"  branch="false" />
			<line number="28"  hits="0"  branch="false" />
			<line number="30"  hits="1"  branch="false" />
			<line number="31"  hits="0"  branch="false" />
			<line number="33"  hits="0"  branch="false" />
			<line number="34"  hits="0"  branch="false" />
			<line number="37"  hits="0"  branch="false" />
			<line number="38"  hits="0"  branch="false" />
			<line number="40"  hits="0"  branch="false" />
			<line number="44"  hits="1"  branch="false" />
			<line number="45"  hits="0"  branch="false" />
			<line number="46"  hits="0"  branch="false" />
			<line number="49"  hits="1"  branch="false" />
			<line number="50"  hits="0"  branch="true"  condition-coverage="0% (0/2)" />
			<line number="51"  hits="0"  branch="false" />
			<line number="53"  hits="0"  branch="false" />
			<line number="57"  hits="1"  branch="false" />
			<line number="59"  hits="0"  branch="true"  condition-coverage="0% (0/2)" />
			<line number="60"  hits="0"  branch="false" />
			<line number="63"  hits="0"  branch="false" />
			<line number="64"  hits="0"  branch="false" />
			<line number="65"  hits="0"  branch="true"  condition-coverage="0% (0/2)" />
			<line number="66"  hits="0"  branch="false" />
			<line number="70"  hits="1"  branch="false" />
			<line number="71"  hits="0"  branch="false" />
			<line number="72"  hits="0"  branch="false" />
			<line number="75"  hits="1"  branch="false" />
			<line number="76"  hits="0"  branch="false" />
			<line number="77"  hits="0"  branch="false" />
			<line number="82"  hits="0"  branch="false" />
		</lines>
		</class>
	</classes>
	</package>
	<package name="..main.components.models"  line-rate="0.11630000000000001"  branch-rate="0" >
	<classes>
		<class name="base.model.js"  filename="main\components\models\base.model.js"  line-rate="0.026699999999999998"  branch-rate="0" >
		<methods>
			<method name="(anonymous_1)"  hits="0"  signature="()V" >
				<lines><line number="11"  hits="0" /></lines>
			</method>
			<method name="extend"  hits="0"  signature="()V" >
				<lines><line number="12"  hits="0" /></lines>
			</method>
			<method name="(anonymous_3)"  hits="0"  signature="()V" >
				<lines><line number="13"  hits="0" /></lines>
			</method>
			<method name="(anonymous_4)"  hits="0"  signature="()V" >
				<lines><line number="42"  hits="0" /></lines>
			</method>
			<method name="(anonymous_5)"  hits="0"  signature="()V" >
				<lines><line number="50"  hits="0" /></lines>
			</method>
			<method name="(anonymous_6)"  hits="0"  signature="()V" >
				<lines><line number="61"  hits="0" /></lines>
			</method>
			<method name="(anonymous_7)"  hits="0"  signature="()V" >
				<lines><line number="72"  hits="0" /></lines>
			</method>
			<method name="(anonymous_8)"  hits="0"  signature="()V" >
				<lines><line number="90"  hits="0" /></lines>
			</method>
			<method name="(anonymous_9)"  hits="0"  signature="()V" >
				<lines><line number="110"  hits="0" /></lines>
			</method>
			<method name="(anonymous_10)"  hits="0"  signature="()V" >
				<lines><line number="111"  hits="0" /></lines>
			</method>
			<method name="(anonymous_11)"  hits="0"  signature="()V" >
				<lines><line number="127"  hits="0" /></lines>
			</method>
			<method name="(anonymous_12)"  hits="0"  signature="()V" >
				<lines><line number="145"  hits="0" /></lines>
			</method>
			<method name="(anonymous_13)"  hits="0"  signature="()V" >
				<lines><line number="159"  hits="0" /></lines>
			</method>
			<method name="(anonymous_14)"  hits="0"  signature="()V" >
				<lines><line number="179"  hits="0" /></lines>
			</method>
			<method name="unmemoize"  hits="0"  signature="()V" >
				<lines><line number="180"  hits="0" /></lines>
			</method>
			<method name="(anonymous_16)"  hits="0"  signature="()V" >
				<lines><line number="195"  hits="0" /></lines>
			</method>
			<method name="(anonymous_17)"  hits="0"  signature="()V" >
				<lines><line number="199"  hits="0" /></lines>
			</method>
			<method name="(anonymous_18)"  hits="0"  signature="()V" >
				<lines><line number="213"  hits="0" /></lines>
			</method>
			<method name="(anonymous_19)"  hits="0"  signature="()V" >
				<lines><line number="221"  hits="0" /></lines>
			</method>
			<method name="(anonymous_20)"  hits="0"  signature="()V" >
				<lines><line number="225"  hits="0" /></lines>
			</method>
			<method name="(anonymous_21)"  hits="0"  signature="()V" >
				<lines><line number="229"  hits="0" /></lines>
			</method>
		</methods>
		<lines>
			<line number="3"  hits="1"  branch="false" />
			<line number="12"  hits="0"  branch="false" />
			<line number="13"  hits="0"  branch="false" />
			<line number="14"  hits="0"  branch="true"  condition-coverage="0% (0/2)" />
			<line number="15"  hits="0"  branch="false" />
			<line number="16"  hits="0"  branch="false" />
			<line number="19"  hits="0"  branch="true"  condition-coverage="0% (0/4)" />
			<line number="23"  hits="0"  branch="false" />
			<line number="28"  hits="0"  branch="false" />
			<line number="34"  hits="0"  branch="false" />
			<line number="43"  hits="0"  branch="false" />
			<line number="51"  hits="0"  branch="false" />
			<line number="52"  hits="0"  branch="false" />
			<line number="62"  hits="0"  branch="false" />
			<line number="64"  hits="0"  branch="true"  condition-coverage="0% (0/2)" />
			<line number="66"  hits="0"  branch="true"  condition-coverage="0% (0/2)" />
			<line number="69"  hits="0"  branch="false" />
			<line number="72"  hits="0"  branch="false" />
			<line number="73"  hits="0"  branch="false" />
			<line number="76"  hits="0"  branch="true"  condition-coverage="0% (0/4)" />
			<line number="78"  hits="0"  branch="false" />
			<line number="82"  hits="0"  branch="false" />
			<line number="84"  hits="0"  branch="true"  condition-coverage="0% (0/2)" />
			<line number="86"  hits="0"  branch="false" />
			<line number="89"  hits="0"  branch="true"  condition-coverage="0% (0/2)" />
			<line number="90"  hits="0"  branch="false" />
			<line number="91"  hits="0"  branch="true"  condition-coverage="0% (0/2)" />
			<line number="92"  hits="0"  branch="false" />
			<line number="98"  hits="0"  branch="true"  condition-coverage="0% (0/2)" />
			<line number="99"  hits="0"  branch="false" />
			<line number="107"  hits="0"  branch="false" />
			<line number="111"  hits="0"  branch="false" />
			<line number="112"  hits="0"  branch="false" />
			<line number="115"  hits="0"  branch="true"  condition-coverage="0% (0/4)" />
			<line number="117"  hits="0"  branch="false" />
			<line number="119"  hits="0"  branch="false" />
			<line number="121"  hits="0"  branch="true"  condition-coverage="0% (0/2)" />
			<line number="123"  hits="0"  branch="false" />
			<line number="126"  hits="0"  branch="true"  condition-coverage="0% (0/2)" />
			<line number="127"  hits="0"  branch="false" />
			<line number="128"  hits="0"  branch="false" />
			<line number="132"  hits="0"  branch="false" />
			<line number="146"  hits="0"  branch="false" />
			<line number="159"  hits="0"  branch="false" />
			<line number="160"  hits="0"  branch="true"  condition-coverage="0% (0/2)" />
			<line number="161"  hits="0"  branch="false" />
			<line number="162"  hits="0"  branch="true"  condition-coverage="0% (0/2)" />
			<line number="163"  hits="0"  branch="false" />
			<line number="164"  hits="0"  branch="true"  condition-coverage="0% (0/2)" />
			<line number="165"  hits="0"  branch="false" />
			<line number="167"  hits="0"  branch="false" />
			<line number="168"  hits="0"  branch="false" />
			<line number="171"  hits="0"  branch="false" />
			<line number="172"  hits="0"  branch="false" />
			<line number="173"  hits="0"  branch="false" />
			<line number="175"  hits="0"  branch="false" />
			<line number="180"  hits="1"  branch="false" />
			<line number="181"  hits="0"  branch="false" />
			<line number="195"  hits="0"  branch="false" />
			<line number="196"  hits="0"  branch="true"  condition-coverage="0% (0/2)" />
			<line number="197"  hits="0"  branch="false" />
			<line number="199"  hits="0"  branch="false" />
			<line number="200"  hits="0"  branch="true"  condition-coverage="0% (0/2)" />
			<line number="204"  hits="0"  branch="false" />
			<line number="206"  hits="0"  branch="false" />
			<line number="209"  hits="0"  branch="false" />
			<line number="211"  hits="0"  branch="false" />
			<line number="221"  hits="0"  branch="false" />
			<line number="224"  hits="0"  branch="false" />
			<line number="225"  hits="0"  branch="false" />
			<line number="226"  hits="0"  branch="true"  condition-coverage="0% (0/2)" />
			<line number="227"  hits="0"  branch="false" />
			<line number="229"  hits="0"  branch="false" />
			<line number="230"  hits="0"  branch="false" />
			<line number="231"  hits="0"  branch="false" />
		</lines>
		</class>
		<class name="environment.model.js"  filename="main\components\models\environment.model.js"  line-rate="0.8"  branch-rate="1" >
		<methods>
			<method name="(anonymous_1)"  hits="1"  signature="()V" >
				<lines><line number="1"  hits="1" /></lines>
			</method>
			<method name="environmentModel"  hits="0"  signature="()V" >
				<lines><line number="8"  hits="0" /></lines>
			</method>
		</methods>
		<lines>
			<line number="1"  hits="1"  branch="false" />
			<line number="3"  hits="1"  branch="false" />
			<line number="7"  hits="1"  branch="false" />
			<line number="8"  hits="1"  branch="false" />
			<line number="9"  hits="0"  branch="false" />
		</lines>
		</class>
		<class name="vm.model.js"  filename="main\components\models\vm.model.js"  line-rate="0.6667000000000001"  branch-rate="0" >
		<methods>
			<method name="(anonymous_1)"  hits="1"  signature="()V" >
				<lines><line number="1"  hits="1" /></lines>
			</method>
			<method name="vmModel"  hits="0"  signature="()V" >
				<lines><line number="8"  hits="0" /></lines>
			</method>
			<method name="(anonymous_3)"  hits="0"  signature="()V" >
				<lines><line number="10"  hits="0" /></lines>
			</method>
		</methods>
		<lines>
			<line number="1"  hits="1"  branch="false" />
			<line number="3"  hits="1"  branch="false" />
			<line number="7"  hits="1"  branch="false" />
			<line number="8"  hits="1"  branch="false" />
			<line number="9"  hits="0"  branch="false" />
			<line number="11"  hits="0"  branch="true"  condition-coverage="0% (0/2)" />
		</lines>
		</class>
	</classes>
	</package>
	<package name="..main.components.services"  line-rate="0.6154"  branch-rate="0.3889" >
	<classes>
		<class name="alert.service.js"  filename="main\components\services\alert.service.js"  line-rate="0.6809000000000001"  branch-rate="0.3889" >
		<methods>
			<method name="(anonymous_1)"  hits="1"  signature="()V" >
				<lines><line number="1"  hits="1" /></lines>
			</method>
			<method name="alert"  hits="25"  signature="()V" >
				<lines><line number="9"  hits="25" /></lines>
			</method>
			<method name="isMaxed"  hits="4"  signature="()V" >
				<lines><line number="20"  hits="4" /></lines>
			</method>
			<method name="checkOption"  hits="4"  signature="()V" >
				<lines><line number="29"  hits="4" /></lines>
			</method>
			<method name="open"  hits="4"  signature="()V" >
				<lines><line number="45"  hits="4" /></lines>
			</method>
			<method name="(anonymous_6)"  hits="0"  signature="()V" >
				<lines><line number="51"  hits="0" /></lines>
			</method>
			<method name="close"  hits="0"  signature="()V" >
				<lines><line number="61"  hits="0" /></lines>
			</method>
		</methods>
		<lines>
			<line number="1"  hits="1"  branch="false" />
			<line number="3"  hits="1"  branch="false" />
			<line number="7"  hits="1"  branch="false" />
			<line number="9"  hits="1"  branch="false" />
			<line number="10"  hits="25"  branch="false" />
			<line number="14"  hits="25"  branch="false" />
			<line number="15"  hits="25"  branch="false" />
			<line number="16"  hits="25"  branch="false" />
			<line number="17"  hits="25"  branch="false" />
			<line number="18"  hits="25"  branch="false" />
			<line number="20"  hits="1"  branch="false" />
			<line number="21"  hits="4"  branch="false" />
			<line number="22"  hits="4"  branch="true"  condition-coverage="50% (1/2)" />
			<line number="23"  hits="0"  branch="false" />
			<line number="25"  hits="4"  branch="false" />
			<line number="27"  hits="4"  branch="false" />
			<line number="29"  hits="1"  branch="false" />
			<line number="30"  hits="4"  branch="false" />
			<line number="31"  hits="4"  branch="true"  condition-coverage="50% (1/2)" />
			<line number="32"  hits="0"  branch="false" />
			<line number="33"  hits="0"  branch="false" />
			<line number="36"  hits="4"  branch="true"  condition-coverage="50% (1/2)" />
			<line number="37"  hits="4"  branch="true"  condition-coverage="50% (1/2)" />
			<line number="39"  hits="4"  branch="true"  condition-coverage="50% (1/2)" />
			<line number="40"  hits="0"  branch="false" />
			<line number="41"  hits="0"  branch="false" />
			<line number="43"  hits="4"  branch="false" />
			<line number="45"  hits="1"  branch="false" />
			<line number="46"  hits="4"  branch="true"  condition-coverage="50% (1/2)" />
			<line number="47"  hits="4"  branch="false" />
			<line number="48"  hits="4"  branch="false" />
			<line number="49"  hits="4"  branch="false" />
			<line number="50"  hits="4"  branch="true"  condition-coverage="50% (1/2)" />
			<line number="51"  hits="4"  branch="false" />
			<line number="52"  hits="0"  branch="false" />
			<line number="55"  hits="4"  branch="false" />
			<line number="57"  hits="0"  branch="false" />
			<line number="61"  hits="1"  branch="false" />
			<line number="62"  hits="0"  branch="false" />
			<line number="63"  hits="0"  branch="false" />
			<line number="64"  hits="0"  branch="true"  condition-coverage="0% (0/2)" />
			<line number="65"  hits="0"  branch="false" />
			<line number="66"  hits="0"  branch="false" />
			<line number="69"  hits="0"  branch="true"  condition-coverage="0% (0/2)" />
			<line number="70"  hits="0"  branch="false" />
			<line number="72"  hits="0"  branch="false" />
			<line number="75"  hits="25"  branch="false" />
		</lines>
		</class>
		<class name="environment.service.js"  filename="main\components\services\environment.service.js"  line-rate="0.3636"  branch-rate="1" >
		<methods>
			<method name="(anonymous_1)"  hits="1"  signature="()V" >
				<lines><line number="1"  hits="1" /></lines>
			</method>
			<method name="environmentService"  hits="0"  signature="()V" >
				<lines><line number="9"  hits="0" /></lines>
			</method>
			<method name="(anonymous_3)"  hits="0"  signature="()V" >
				<lines><line number="11"  hits="0" /></lines>
			</method>
			<method name="(anonymous_4)"  hits="0"  signature="()V" >
				<lines><line number="13"  hits="0" /></lines>
			</method>
		</methods>
		<lines>
			<line number="1"  hits="1"  branch="false" />
			<line number="3"  hits="1"  branch="false" />
			<line number="7"  hits="1"  branch="false" />
			<line number="9"  hits="1"  branch="false" />
			<line number="10"  hits="0"  branch="false" />
			<line number="11"  hits="0"  branch="false" />
			<line number="12"  hits="0"  branch="false" />
			<line number="13"  hits="0"  branch="false" />
			<line number="14"  hits="0"  branch="false" />
			<line number="17"  hits="0"  branch="false" />
			<line number="19"  hits="0"  branch="false" />
		</lines>
		</class>
		<class name="vm.service.js"  filename="main\components\services\vm.service.js"  line-rate="0.5714"  branch-rate="1" >
		<methods>
			<method name="(anonymous_1)"  hits="1"  signature="()V" >
				<lines><line number="1"  hits="1" /></lines>
			</method>
			<method name="vmService"  hits="0"  signature="()V" >
				<lines><line number="8"  hits="0" /></lines>
			</method>
			<method name="(anonymous_3)"  hits="0"  signature="()V" >
				<lines><line number="9"  hits="0" /></lines>
			</method>
		</methods>
		<lines>
			<line number="1"  hits="1"  branch="false" />
			<line number="3"  hits="1"  branch="false" />
			<line number="7"  hits="1"  branch="false" />
			<line number="8"  hits="1"  branch="false" />
			<line number="9"  hits="0"  branch="false" />
			<line number="10"  hits="0"  branch="false" />
			<line number="12"  hits="0"  branch="false" />
		</lines>
		</class>
	</classes>
	</package>
	<package name="..main.environment.envBasic"  line-rate="0.3333"  branch-rate="0" >
	<classes>
		<class name="envBasic.controller.js"  filename="main\environment\envBasic\envBasic.controller.js"  line-rate="0.3182"  branch-rate="0" >
		<methods>
			<method name="(anonymous_1)"  hits="1"  signature="()V" >
				<lines><line number="4"  hits="1" /></lines>
			</method>
			<method name="envBasicCtrl"  hits="0"  signature="()V" >
				<lines><line number="13"  hits="0" /></lines>
			</method>
			<method name="jumpDetail"  hits="0"  signature="()V" >
				<lines><line number="23"  hits="0" /></lines>
			</method>
			<method name="connect"  hits="0"  signature="()V" >
				<lines><line number="27"  hits="0" /></lines>
			</method>
			<method name="powerOperation"  hits="0"  signature="()V" >
				<lines><line number="31"  hits="0" /></lines>
			</method>
		</methods>
		<lines>
			<line number="4"  hits="1"  branch="false" />
			<line number="7"  hits="1"  branch="false" />
			<line number="11"  hits="1"  branch="false" />
			<line number="13"  hits="1"  branch="false" />
			<line number="15"  hits="0"  branch="false" />
			<line number="17"  hits="0"  branch="false" />
			<line number="18"  hits="0"  branch="false" />
			<line number="21"  hits="0"  branch="false" />
			<line number="23"  hits="1"  branch="false" />
			<line number="24"  hits="0"  branch="false" />
			<line number="27"  hits="1"  branch="false" />
			<line number="28"  hits="0"  branch="false" />
			<line number="31"  hits="1"  branch="false" />
			<line number="32"  hits="0"  branch="false" />
			<line number="33"  hits="0"  branch="true"  condition-coverage="0% (0/4)" />
			<line number="34"  hits="0"  branch="false" />
			<line number="35"  hits="0"  branch="true"  condition-coverage="0% (0/4)" />
			<line number="36"  hits="0"  branch="false" />
			<line number="37"  hits="0"  branch="true"  condition-coverage="0% (0/4)" />
			<line number="38"  hits="0"  branch="false" />
			<line number="39"  hits="0"  branch="true"  condition-coverage="0% (0/5)" />
			<line number="40"  hits="0"  branch="false" />
		</lines>
		</class>
		<class name="vmBasic.service.js"  filename="main\environment\envBasic\vmBasic.service.js"  line-rate="0.3636"  branch-rate="1" >
		<methods>
			<method name="(anonymous_1)"  hits="1"  signature="()V" >
				<lines><line number="4"  hits="1" /></lines>
			</method>
			<method name="basicPage"  hits="0"  signature="()V" >
				<lines><line number="13"  hits="0" /></lines>
			</method>
			<method name="(anonymous_3)"  hits="0"  signature="()V" >
				<lines><line number="15"  hits="0" /></lines>
			</method>
			<method name="(anonymous_4)"  hits="0"  signature="()V" >
				<lines><line number="45"  hits="0" /></lines>
			</method>
		</methods>
		<lines>
			<line number="4"  hits="1"  branch="false" />
			<line number="7"  hits="1"  branch="false" />
			<line number="11"  hits="1"  branch="false" />
			<line number="13"  hits="1"  branch="false" />
			<line number="15"  hits="0"  branch="false" />
			<line number="16"  hits="0"  branch="false" />
			<line number="41"  hits="0"  branch="false" />
			<line number="45"  hits="0"  branch="false" />
			<line number="46"  hits="0"  branch="false" />
			<line number="88"  hits="0"  branch="false" />
			<line number="95"  hits="0"  branch="false" />
		</lines>
		</class>
	</classes>
	</package>
	<package name="..main.environment.vm"  line-rate="0.7824"  branch-rate="0.6570999999999999" >
	<classes>
		<class name="vm.controller.js"  filename="main\environment\vm\vm.controller.js"  line-rate="0.7820999999999999"  branch-rate="0.6570999999999999" >
		<methods>
			<method name="(anonymous_1)"  hits="1"  signature="()V" >
				<lines><line number="1"  hits="1" /></lines>
			</method>
			<method name="VMCtrl"  hits="25"  signature="()V" >
				<lines><line number="9"  hits="25" /></lines>
			</method>
			<method name="activate"  hits="25"  signature="()V" >
				<lines><line number="141"  hits="25" /></lines>
			</method>
			<method name="loadVMList"  hits="39"  signature="()V" >
				<lines><line number="158"  hits="39" /></lines>
			</method>
			<method name="(anonymous_5)"  hits="156"  signature="()V" >
				<lines><line number="161"  hits="156" /></lines>
			</method>
			<method name="disableSelection"  hits="1"  signature="()V" >
				<lines><line number="193"  hits="1" /></lines>
			</method>
			<method name="(anonymous_7)"  hits="4"  signature="()V" >
				<lines><line number="195"  hits="4" /></lines>
			</method>
			<method name="getVMDetailInfo"  hits="8"  signature="()V" >
				<lines><line number="203"  hits="8" /></lines>
			</method>
			<method name="getVMById"  hits="13"  signature="()V" >
				<lines><line number="212"  hits="13" /></lines>
			</method>
			<method name="(anonymous_10)"  hits="52"  signature="()V" >
				<lines><line number="216"  hits="52" /></lines>
			</method>
			<method name="(anonymous_11)"  hits="13"  signature="()V" >
				<lines><line number="224"  hits="13" /></lines>
			</method>
			<method name="(anonymous_12)"  hits="65"  signature="()V" >
				<lines><line number="230"  hits="65" /></lines>
			</method>
			<method name="toggleCheckAll"  hits="2"  signature="()V" >
				<lines><line number="241"  hits="2" /></lines>
			</method>
			<method name="(anonymous_14)"  hits="4"  signature="()V" >
				<lines><line number="245"  hits="4" /></lines>
			</method>
			<method name="changeSorting"  hits="2"  signature="()V" >
				<lines><line number="252"  hits="2" /></lines>
			</method>
			<method name="showVmEdit"  hits="9"  signature="()V" >
				<lines><line number="266"  hits="9" /></lines>
			</method>
			<method name="selectNetwork"  hits="1"  signature="()V" >
				<lines><line number="296"  hits="1" /></lines>
			</method>
			<method name="selectMemory"  hits="1"  signature="()V" >
				<lines><line number="301"  hits="1" /></lines>
			</method>
			<method name="selectCPU"  hits="1"  signature="()V" >
				<lines><line number="306"  hits="1" /></lines>
			</method>
			<method name="vmIsInOperation"  hits="1"  signature="()V" >
				<lines><line number="310"  hits="1" /></lines>
			</method>
			<method name="(anonymous_21)"  hits="2"  signature="()V" >
				<lines><line number="313"  hits="2" /></lines>
			</method>
			<method name="cancelConfig"  hits="2"  signature="()V" >
				<lines><line number="322"  hits="2" /></lines>
			</method>
			<method name="updateConfig"  hits="0"  signature="()V" >
				<lines><line number="329"  hits="0" /></lines>
			</method>
			<method name="(anonymous_24)"  hits="0"  signature="()V" >
				<lines><line number="330"  hits="0" /></lines>
			</method>
			<method name="(anonymous_25)"  hits="0"  signature="()V" >
				<lines><line number="337"  hits="0" /></lines>
			</method>
			<method name="changeTplNumber"  hits="0"  signature="()V" >
				<lines><line number="350"  hits="0" /></lines>
			</method>
			<method name="saveVMTemplate"  hits="0"  signature="()V" >
				<lines><line number="369"  hits="0" /></lines>
			</method>
			<method name="powerOperation"  hits="4"  signature="()V" >
				<lines><line number="392"  hits="4" /></lines>
			</method>
			<method name="(anonymous_29)"  hits="4"  signature="()V" >
				<lines><line number="402"  hits="4" /></lines>
			</method>
			<method name="(anonymous_30)"  hits="1"  signature="()V" >
				<lines><line number="408"  hits="1" /></lines>
			</method>
			<method name="(anonymous_31)"  hits="1"  signature="()V" >
				<lines><line number="430"  hits="1" /></lines>
			</method>
			<method name="(anonymous_32)"  hits="1"  signature="()V" >
				<lines><line number="453"  hits="1" /></lines>
			</method>
			<method name="(anonymous_33)"  hits="1"  signature="()V" >
				<lines><line number="477"  hits="1" /></lines>
			</method>
			<method name="openDeleteDialog"  hits="3"  signature="()V" >
				<lines><line number="503"  hits="3" /></lines>
			</method>
			<method name="(anonymous_35)"  hits="0"  signature="()V" >
				<lines><line number="512"  hits="0" /></lines>
			</method>
			<method name="(anonymous_36)"  hits="0"  signature="()V" >
				<lines><line number="518"  hits="0" /></lines>
			</method>
			<method name="(anonymous_37)"  hits="0"  signature="()V" >
				<lines><line number="522"  hits="0" /></lines>
			</method>
			<method name="(anonymous_38)"  hits="0"  signature="()V" >
				<lines><line number="523"  hits="0" /></lines>
			</method>
			<method name="close"  hits="0"  signature="()V" >
				<lines><line number="534"  hits="0" /></lines>
			</method>
		</methods>
		<lines>
			<line number="1"  hits="1"  branch="false" />
			<line number="4"  hits="1"  branch="false" />
			<line number="7"  hits="1"  branch="false" />
			<line number="9"  hits="1"  branch="false" />
			<line number="10"  hits="25"  branch="false" />
			<line number="13"  hits="25"  branch="false" />
			<line number="14"  hits="25"  branch="false" />
			<line number="15"  hits="25"  branch="false" />
			<line number="16"  hits="25"  branch="false" />
			<line number="17"  hits="25"  branch="false" />
			<line number="18"  hits="25"  branch="false" />
			<line number="19"  hits="25"  branch="false" />
			<line number="20"  hits="25"  branch="false" />
			<line number="21"  hits="25"  branch="false" />
			<line number="25"  hits="25"  branch="false" />
			<line number="26"  hits="25"  branch="false" />
			<line number="27"  hits="25"  branch="false" />
			<line number="28"  hits="25"  branch="false" />
			<line number="29"  hits="25"  branch="false" />
			<line number="30"  hits="25"  branch="false" />
			<line number="31"  hits="25"  branch="false" />
			<line number="32"  hits="25"  branch="false" />
			<line number="33"  hits="25"  branch="false" />
			<line number="34"  hits="25"  branch="false" />
			<line number="35"  hits="25"  branch="false" />
			<line number="38"  hits="25"  branch="false" />
			<line number="39"  hits="25"  branch="false" />
			<line number="40"  hits="25"  branch="false" />
			<line number="41"  hits="25"  branch="false" />
			<line number="42"  hits="25"  branch="false" />
			<line number="43"  hits="25"  branch="false" />
			<line number="44"  hits="25"  branch="false" />
			<line number="47"  hits="25"  branch="false" />
			<line number="48"  hits="25"  branch="false" />
			<line number="49"  hits="25"  branch="false" />
			<line number="52"  hits="25"  branch="false" />
			<line number="53"  hits="25"  branch="false" />
			<line number="54"  hits="25"  branch="false" />
			<line number="55"  hits="25"  branch="false" />
			<line number="57"  hits="25"  branch="false" />
			<line number="66"  hits="25"  branch="false" />
			<line number="85"  hits="25"  branch="false" />
			<line number="102"  hits="25"  branch="false" />
			<line number="139"  hits="25"  branch="false" />
			<line number="141"  hits="1"  branch="false" />
			<line number="146"  hits="25"  branch="false" />
			<line number="150"  hits="25"  branch="false" />
			<line number="151"  hits="25"  branch="false" />
			<line number="152"  hits="25"  branch="false" />
			<line number="158"  hits="1"  branch="false" />
			<line number="159"  hits="39"  branch="false" />
			<line number="160"  hits="39"  branch="false" />
			<line number="161"  hits="39"  branch="false" />
			<line number="162"  hits="156"  branch="true"  condition-coverage="100% (2/2)" />
			<line number="163"  hits="117"  branch="true"  condition-coverage="100% (3/3)" />
			<line number="165"  hits="40"  branch="false" />
			<line number="168"  hits="40"  branch="false" />
			<line number="169"  hits="40"  branch="false" />
			<line number="171"  hits="37"  branch="false" />
			<line number="174"  hits="37"  branch="false" />
			<line number="175"  hits="37"  branch="false" />
			<line number="177"  hits="40"  branch="false" />
			<line number="180"  hits="40"  branch="false" />
			<line number="181"  hits="40"  branch="false" />
			<line number="183"  hits="39"  branch="true"  condition-coverage="50% (1/2)" />
			<line number="184"  hits="39"  branch="false" />
			<line number="187"  hits="39"  branch="false" />
			<line number="193"  hits="1"  branch="false" />
			<line number="194"  hits="1"  branch="false" />
			<line number="195"  hits="1"  branch="false" />
			<line number="196"  hits="4"  branch="true"  condition-coverage="100% (2/2)" />
			<line number="197"  hits="1"  branch="false" />
			<line number="203"  hits="1"  branch="false" />
			<line number="204"  hits="8"  branch="false" />
			<line number="205"  hits="8"  branch="false" />
			<line number="212"  hits="1"  branch="false" />
			<line number="213"  hits="13"  branch="false" />
			<line number="214"  hits="13"  branch="false" />
			<line number="216"  hits="13"  branch="false" />
			<line number="217"  hits="52"  branch="true"  condition-coverage="100% (2/2)" />
			<line number="218"  hits="13"  branch="false" />
			<line number="219"  hits="13"  branch="false" />
			<line number="220"  hits="13"  branch="false" />
			<line number="222"  hits="13"  branch="false" />
			<line number="223"  hits="13"  branch="false" />
			<line number="224"  hits="13"  branch="false" />
			<line number="225"  hits="13"  branch="false" />
			<line number="227"  hits="13"  branch="false" />
			<line number="230"  hits="13"  branch="false" />
			<line number="231"  hits="65"  branch="true"  condition-coverage="100% (2/2)" />
			<line number="232"  hits="13"  branch="false" />
			<line number="235"  hits="13"  branch="true"  condition-coverage="50% (1/2)" />
			<line number="236"  hits="13"  branch="false" />
			<line number="241"  hits="1"  branch="false" />
			<line number="242"  hits="2"  branch="true"  condition-coverage="100% (2/2)" />
			<line number="243"  hits="1"  branch="false" />
			<line number="245"  hits="1"  branch="false" />
			<line number="246"  hits="4"  branch="false" />
			<line number="252"  hits="1"  branch="false" />
			<line number="253"  hits="2"  branch="false" />
			<line number="254"  hits="2"  branch="true"  condition-coverage="100% (2/2)" />
			<line number="255"  hits="1"  branch="false" />
			<line number="256"  hits="1"  branch="false" />
			<line number="258"  hits="1"  branch="false" />
			<line number="259"  hits="1"  branch="false" />
			<line number="260"  hits="1"  branch="false" />
			<line number="266"  hits="1"  branch="false" />
			<line number="268"  hits="9"  branch="true"  condition-coverage="100% (4/4)" />
			<line number="269"  hits="1"  branch="false" />
			<line number="272"  hits="8"  branch="true"  condition-coverage="50% (2/4)" />
			<line number="273"  hits="0"  branch="false" />
			<line number="274"  hits="0"  branch="false" />
			<line number="276"  hits="8"  branch="false" />
			<line number="277"  hits="8"  branch="false" />
			<line number="278"  hits="8"  branch="false" />
			<line number="280"  hits="8"  branch="false" />
			<line number="282"  hits="8"  branch="false" />
			<line number="283"  hits="8"  branch="false" />
			<line number="284"  hits="8"  branch="false" />
			<line number="289"  hits="8"  branch="false" />
			<line number="296"  hits="1"  branch="false" />
			<line number="297"  hits="1"  branch="false" />
			<line number="301"  hits="1"  branch="false" />
			<line number="302"  hits="1"  branch="false" />
			<line number="306"  hits="1"  branch="false" />
			<line number="307"  hits="1"  branch="false" />
			<line number="310"  hits="1"  branch="false" />
			<line number="312"  hits="1"  branch="false" />
			<line number="313"  hits="1"  branch="false" />
			<line number="314"  hits="2"  branch="true"  condition-coverage="100% (2/2)" />
			<line number="315"  hits="1"  branch="false" />
			<line number="318"  hits="1"  branch="false" />
			<line number="322"  hits="1"  branch="false" />
			<line number="323"  hits="2"  branch="false" />
			<line number="324"  hits="2"  branch="false" />
			<line number="325"  hits="2"  branch="false" />
			<line number="326"  hits="2"  branch="false" />
			<line number="329"  hits="1"  branch="false" />
			<line number="330"  hits="0"  branch="false" />
			<line number="331"  hits="0"  branch="true"  condition-coverage="0% (0/2)" />
			<line number="332"  hits="0"  branch="false" />
			<line number="333"  hits="0"  branch="false" />
			<line number="334"  hits="0"  branch="false" />
			<line number="335"  hits="0"  branch="false" />
			<line number="336"  hits="0"  branch="false" />
			<line number="337"  hits="0"  branch="false" />
			<line number="338"  hits="0"  branch="false" />
			<line number="339"  hits="0"  branch="false" />
			<line number="340"  hits="0"  branch="false" />
			<line number="346"  hits="0"  branch="false" />
			<line number="347"  hits="0"  branch="false" />
			<line number="350"  hits="1"  branch="false" />
			<line number="351"  hits="0"  branch="false" />
			<line number="352"  hits="0"  branch="true"  condition-coverage="0% (0/2)" />
			<line number="353"  hits="0"  branch="true"  condition-coverage="0% (0/2)" />
			<line number="354"  hits="0"  branch="false" />
			<line number="355"  hits="0"  branch="false" />
			<line number="360"  hits="0"  branch="false" />
			<line number="362"  hits="0"  branch="true"  condition-coverage="0% (0/2)" />
			<line number="363"  hits="0"  branch="false" />
			<line number="364"  hits="0"  branch="false" />
			<line number="369"  hits="1"  branch="false" />
			<line number="370"  hits="0"  branch="false" />
			<line number="379"  hits="0"  branch="false" />
			<line number="380"  hits="0"  branch="true"  condition-coverage="0% (0/2)" />
			<line number="381"  hits="0"  branch="false" />
			<line number="383"  hits="0"  branch="true"  condition-coverage="0% (0/2)" />
			<line number="384"  hits="0"  branch="false" />
			<line number="386"  hits="0"  branch="false" />
			<line number="389"  hits="25"  branch="false" />
			<line number="390"  hits="25"  branch="false" />
			<line number="392"  hits="1"  branch="false" />
			<line number="394"  hits="4"  branch="false" />
			<line number="396"  hits="4"  branch="true"  condition-coverage="50% (1/2)" />
			<line number="397"  hits="4"  branch="false" />
			<line number="399"  hits="0"  branch="false" />
			<line number="402"  hits="4"  branch="false" />
			<line number="403"  hits="4"  branch="false" />
			<line number="404"  hits="4"  branch="false" />
			<line number="406"  hits="4"  branch="true"  condition-coverage="100% (4/4)" />
			<line number="407"  hits="1"  branch="false" />
			<line number="408"  hits="1"  branch="false" />
			<line number="410"  hits="1"  branch="true"  condition-coverage="50% (1/2)" />
			<line number="411"  hits="1"  branch="false" />
			<line number="412"  hits="1"  branch="false" />
			<line number="414"  hits="1"  branch="false" />
			<line number="418"  hits="1"  branch="false" />
			<line number="420"  hits="0"  branch="false" />
			<line number="422"  hits="0"  branch="false" />
			<line number="428"  hits="3"  branch="true"  condition-coverage="100% (4/4)" />
			<line number="429"  hits="1"  branch="false" />
			<line number="430"  hits="1"  branch="false" />
			<line number="432"  hits="1"  branch="true"  condition-coverage="50% (1/2)" />
			<line number="433"  hits="1"  branch="false" />
			<line number="434"  hits="1"  branch="false" />
			<line number="436"  hits="1"  branch="false" />
			<line number="440"  hits="1"  branch="false" />
			<line number="442"  hits="0"  branch="false" />
			<line number="444"  hits="0"  branch="false" />
			<line number="451"  hits="2"  branch="true"  condition-coverage="100% (4/4)" />
			<line number="452"  hits="1"  branch="false" />
			<line number="453"  hits="1"  branch="false" />
			<line number="455"  hits="1"  branch="true"  condition-coverage="50% (1/2)" />
			<line number="456"  hits="1"  branch="false" />
			<line number="457"  hits="1"  branch="false" />
			<line number="458"  hits="1"  branch="false" />
			<line number="460"  hits="1"  branch="false" />
			<line number="465"  hits="0"  branch="false" />
			<line number="467"  hits="0"  branch="false" />
			<line number="474"  hits="1"  branch="true"  condition-coverage="80% (4/5)" />
			<line number="475"  hits="1"  branch="false" />
			<line number="477"  hits="1"  branch="false" />
			<line number="479"  hits="1"  branch="true"  condition-coverage="50% (1/2)" />
			<line number="480"  hits="1"  branch="false" />
			<line number="481"  hits="1"  branch="false" />
			<line number="482"  hits="1"  branch="false" />
			<line number="484"  hits="1"  branch="false" />
			<line number="489"  hits="0"  branch="false" />
			<line number="491"  hits="0"  branch="false" />
			<line number="503"  hits="1"  branch="false" />
			<line number="505"  hits="3"  branch="false" />
			<line number="512"  hits="3"  branch="false" />
			<line number="513"  hits="0"  branch="false" />
			<line number="514"  hits="0"  branch="true"  condition-coverage="0% (0/2)" />
			<line number="515"  hits="0"  branch="false" />
			<line number="518"  hits="0"  branch="false" />
			<line number="519"  hits="0"  branch="false" />
			<line number="522"  hits="0"  branch="false" />
			<line number="523"  hits="0"  branch="false" />
			<line number="524"  hits="0"  branch="false" />
			<line number="525"  hits="0"  branch="false" />
			<line number="530"  hits="0"  branch="false" />
			<line number="534"  hits="1"  branch="false" />
			<line number="535"  hits="0"  branch="false" />
		</lines>
		</class>
		<class name="vmDeleteDialog.controller.js"  filename="main\environment\vm\vmDeleteDialog.controller.js"  line-rate="0.8"  branch-rate="1" >
		<methods>
			<method name="(anonymous_1)"  hits="25"  signature="()V" >
				<lines><line number="5"  hits="25" /></lines>
			</method>
			<method name="(anonymous_2)"  hits="2"  signature="()V" >
				<lines><line number="7"  hits="2" /></lines>
			</method>
			<method name="(anonymous_3)"  hits="0"  signature="()V" >
				<lines><line number="11"  hits="0" /></lines>
			</method>
		</methods>
		<lines>
			<line number="5"  hits="1"  branch="false" />
			<line number="7"  hits="25"  branch="false" />
			<line number="8"  hits="2"  branch="false" />
			<line number="11"  hits="25"  branch="false" />
			<line number="12"  hits="0"  branch="false" />
		</lines>
		</class>
	</classes>
	</package>
	<package name="..main.environment"  line-rate="0.49090000000000006"  branch-rate="0" >
	<classes>
		<class name="env.controller.js"  filename="main\environment\env.controller.js"  line-rate="1"  branch-rate="1" >
		<methods>
		</methods>
		<lines>
		</lines>
		</class>
		<class name="envs.controller.js"  filename="main\environment\envs.controller.js"  line-rate="1"  branch-rate="1" >
		<methods>
		</methods>
		<lines>
		</lines>
		</class>
		<class name="machine.service.js"  filename="main\environment\machine.service.js"  line-rate="0.49090000000000006"  branch-rate="0" >
		<methods>
			<method name="(anonymous_1)"  hits="1"  signature="()V" >
				<lines><line number="10"  hits="1" /></lines>
			</method>
			<method name="machineService"  hits="25"  signature="()V" >
				<lines><line number="19"  hits="25" /></lines>
			</method>
			<method name="getThead"  hits="25"  signature="()V" >
				<lines><line number="38"  hits="25" /></lines>
			</method>
			<method name="getEnvNetworks"  hits="0"  signature="()V" >
				<lines><line number="58"  hits="0" /></lines>
			</method>
			<method name="getVMList"  hits="0"  signature="()V" >
				<lines><line number="67"  hits="0" /></lines>
			</method>
			<method name="getVMDetail"  hits="8"  signature="()V" >
				<lines><line number="76"  hits="8" /></lines>
			</method>
			<method name="getOneVmForOperation"  hits="4"  signature="()V" >
				<lines><line number="81"  hits="4" /></lines>
			</method>
			<method name="deleteVM"  hits="0"  signature="()V" >
				<lines><line number="85"  hits="0" /></lines>
			</method>
			<method name="updateVMDetail"  hits="0"  signature="()V" >
				<lines><line number="91"  hits="0" /></lines>
			</method>
			<method name="(anonymous_10)"  hits="0"  signature="()V" >
				<lines><line number="93"  hits="0" /></lines>
			</method>
			<method name="(anonymous_11)"  hits="0"  signature="()V" >
				<lines><line number="98"  hits="0" /></lines>
			</method>
			<method name="saveVMTpl"  hits="0"  signature="()V" >
				<lines><line number="107"  hits="0" /></lines>
			</method>
			<method name="(anonymous_13)"  hits="0"  signature="()V" >
				<lines><line number="109"  hits="0" /></lines>
			</method>
			<method name="(anonymous_14)"  hits="0"  signature="()V" >
				<lines><line number="110"  hits="0" /></lines>
			</method>
			<method name="(anonymous_15)"  hits="0"  signature="()V" >
				<lines><line number="112"  hits="0" /></lines>
			</method>
			<method name="transDetailForDis"  hits="25"  signature="()V" >
				<lines><line number="119"  hits="25" /></lines>
			</method>
			<method name="(anonymous_17)"  hits="0"  signature="()V" >
				<lines><line number="122"  hits="0" /></lines>
			</method>
			<method name="transMemFromMB2GB"  hits="0"  signature="()V" >
				<lines><line number="136"  hits="0" /></lines>
			</method>
			<method name="transMemFromGB2MB"  hits="0"  signature="()V" >
				<lines><line number="140"  hits="0" /></lines>
			</method>
		</methods>
		<lines>
			<line number="10"  hits="1"  branch="false" />
			<line number="13"  hits="1"  branch="false" />
			<line number="17"  hits="1"  branch="false" />
			<line number="19"  hits="1"  branch="false" />
			<line number="21"  hits="25"  branch="false" />
			<line number="35"  hits="25"  branch="false" />
			<line number="38"  hits="1"  branch="false" />
			<line number="39"  hits="25"  branch="false" />
			<line number="55"  hits="25"  branch="false" />
			<line number="58"  hits="1"  branch="false" />
			<line number="59"  hits="0"  branch="false" />
			<line number="60"  hits="0"  branch="false" />
			<line number="63"  hits="0"  branch="false" />
			<line number="67"  hits="1"  branch="false" />
			<line number="68"  hits="0"  branch="false" />
			<line number="69"  hits="0"  branch="false" />
			<line number="72"  hits="0"  branch="false" />
			<line number="76"  hits="1"  branch="false" />
			<line number="77"  hits="8"  branch="false" />
			<line number="78"  hits="8"  branch="false" />
			<line number="81"  hits="1"  branch="false" />
			<line number="82"  hits="4"  branch="false" />
			<line number="85"  hits="1"  branch="false" />
			<line number="86"  hits="0"  branch="false" />
			<line number="87"  hits="0"  branch="false" />
			<line number="88"  hits="0"  branch="false" />
			<line number="91"  hits="1"  branch="false" />
			<line number="92"  hits="0"  branch="false" />
			<line number="93"  hits="0"  branch="false" />
			<line number="94"  hits="0"  branch="false" />
			<line number="95"  hits="0"  branch="false" />
			<line number="96"  hits="0"  branch="false" />
			<line number="97"  hits="0"  branch="false" />
			<line number="98"  hits="0"  branch="false" />
			<line number="99"  hits="0"  branch="false" />
			<line number="100"  hits="0"  branch="false" />
			<line number="103"  hits="0"  branch="false" />
			<line number="107"  hits="1"  branch="false" />
			<line number="108"  hits="0"  branch="false" />
			<line number="109"  hits="0"  branch="false" />
			<line number="110"  hits="0"  branch="false" />
			<line number="111"  hits="0"  branch="false" />
			<line number="113"  hits="0"  branch="false" />
			<line number="119"  hits="1"  branch="false" />
			<line number="120"  hits="25"  branch="false" />
			<line number="121"  hits="25"  branch="false" />
			<line number="122"  hits="25"  branch="false" />
			<line number="123"  hits="0"  branch="false" />
			<line number="131"  hits="0"  branch="false" />
			<line number="133"  hits="25"  branch="false" />
			<line number="136"  hits="1"  branch="false" />
			<line number="137"  hits="0"  branch="false" />
			<line number="140"  hits="1"  branch="false" />
			<line number="141"  hits="0"  branch="false" />
			<line number="144"  hits="25"  branch="false" />
		</lines>
		</class>
	</classes>
	</package>
	<package name="..main.welcome"  line-rate="0.35"  branch-rate="1" >
	<classes>
		<class name="welcome.controller.js"  filename="main\welcome\welcome.controller.js"  line-rate="0.35"  branch-rate="1" >
		<methods>
			<method name="(anonymous_1)"  hits="1"  signature="()V" >
				<lines><line number="1"  hits="1" /></lines>
			</method>
			<method name="WelcomeCtrl"  hits="0"  signature="()V" >
				<lines><line number="9"  hits="0" /></lines>
			</method>
			<method name="collapse"  hits="0"  signature="()V" >
				<lines><line number="216"  hits="0" /></lines>
			</method>
			<method name="show"  hits="0"  signature="()V" >
				<lines><line number="220"  hits="0" /></lines>
			</method>
			<method name="close"  hits="0"  signature="()V" >
				<lines><line number="227"  hits="0" /></lines>
			</method>
		</methods>
		<lines>
			<line number="1"  hits="1"  branch="false" />
			<line number="3"  hits="1"  branch="false" />
			<line number="7"  hits="1"  branch="false" />
			<line number="9"  hits="1"  branch="false" />
			<line number="10"  hits="0"  branch="false" />
			<line number="12"  hits="0"  branch="false" />
			<line number="25"  hits="0"  branch="false" />
			<line number="26"  hits="0"  branch="false" />
			<line number="27"  hits="0"  branch="false" />
			<line number="28"  hits="0"  branch="false" />
			<line number="29"  hits="0"  branch="false" />
			<line number="30"  hits="0"  branch="false" />
			<line number="32"  hits="0"  branch="false" />
			<line number="33"  hits="0"  branch="false" />
			<line number="216"  hits="1"  branch="false" />
			<line number="217"  hits="0"  branch="false" />
			<line number="220"  hits="1"  branch="false" />
			<line number="221"  hits="0"  branch="false" />
			<line number="227"  hits="1"  branch="false" />
			<line number="228"  hits="0"  branch="false" />
		</lines>
		</class>
	</classes>
	</package>
	<package name="..main"  line-rate="0.8108"  branch-rate="0" >
	<classes>
		<class name="ilab.config.js"  filename="main\ilab.config.js"  line-rate="0.75"  branch-rate="0" >
		<methods>
			<method name="(anonymous_1)"  hits="1"  signature="()V" >
				<lines><line number="1"  hits="1" /></lines>
			</method>
			<method name="route"  hits="25"  signature="()V" >
				<lines><line number="14"  hits="25" /></lines>
			</method>
			<method name="(anonymous_3)"  hits="0"  signature="()V" >
				<lines><line number="36"  hits="0" /></lines>
			</method>
			<method name="attachMenu"  hits="25"  signature="()V" >
				<lines><line number="70"  hits="25" /></lines>
			</method>
			<method name="(anonymous_5)"  hits="0"  signature="()V" >
				<lines><line number="71"  hits="0" /></lines>
			</method>
			<method name="loading"  hits="25"  signature="()V" >
				<lines><line number="78"  hits="25" /></lines>
			</method>
			<method name="(anonymous_7)"  hits="0"  signature="()V" >
				<lines><line number="79"  hits="0" /></lines>
			</method>
			<method name="(anonymous_8)"  hits="0"  signature="()V" >
				<lines><line number="85"  hits="0" /></lines>
			</method>
			<method name="(anonymous_9)"  hits="0"  signature="()V" >
				<lines><line number="89"  hits="0" /></lines>
			</method>
			<method name="restangular"  hits="25"  signature="()V" >
				<lines><line number="97"  hits="25" /></lines>
			</method>
			<method name="pagination"  hits="25"  signature="()V" >
				<lines><line number="105"  hits="25" /></lines>
			</method>
		</methods>
		<lines>
			<line number="1"  hits="1"  branch="false" />
			<line number="3"  hits="1"  branch="false" />
			<line number="12"  hits="1"  branch="false" />
			<line number="14"  hits="1"  branch="false" />
			<line number="16"  hits="25"  branch="false" />
			<line number="19"  hits="25"  branch="false" />
			<line number="37"  hits="0"  branch="false" />
			<line number="68"  hits="1"  branch="false" />
			<line number="70"  hits="1"  branch="false" />
			<line number="71"  hits="25"  branch="false" />
			<line number="72"  hits="0"  branch="false" />
			<line number="76"  hits="1"  branch="false" />
			<line number="78"  hits="1"  branch="false" />
			<line number="79"  hits="25"  branch="false" />
			<line number="80"  hits="0"  branch="false" />
			<line number="81"  hits="0"  branch="true"  condition-coverage="0% (0/4)" />
			<line number="82"  hits="0"  branch="false" />
			<line number="85"  hits="25"  branch="false" />
			<line number="86"  hits="0"  branch="false" />
			<line number="89"  hits="25"  branch="false" />
			<line number="90"  hits="0"  branch="false" />
			<line number="95"  hits="1"  branch="false" />
			<line number="97"  hits="1"  branch="false" />
			<line number="98"  hits="25"  branch="false" />
			<line number="99"  hits="25"  branch="false" />
			<line number="103"  hits="1"  branch="false" />
			<line number="105"  hits="1"  branch="false" />
			<line number="106"  hits="25"  branch="false" />
		</lines>
		</class>
		<class name="ilab.module.js"  filename="main\ilab.module.js"  line-rate="1"  branch-rate="1" >
		<methods>
			<method name="(anonymous_1)"  hits="1"  signature="()V" >
				<lines><line number="1"  hits="1" /></lines>
			</method>
		</methods>
		<lines>
			<line number="1"  hits="1"  branch="false" />
			<line number="4"  hits="1"  branch="false" />
			<line number="5"  hits="1"  branch="false" />
			<line number="6"  hits="1"  branch="false" />
			<line number="8"  hits="1"  branch="false" />
			<line number="12"  hits="1"  branch="false" />
			<line number="13"  hits="1"  branch="false" />
			<line number="14"  hits="1"  branch="false" />
			<line number="15"  hits="1"  branch="false" />
		</lines>
		</class>
	</classes>
	</package>
</packages>
</coverage>
